<?xml version="1.0" encoding="UTF-8"?>
<!-- Generated by org.testng.reporters.JUnitReportReporter -->
<testsuite hostname="LP-PF2Y14YD" failures="0" tests="4" name="MavenDemo.SDET2.checkLoginFunc" time="24.981" errors="0" timestamp="18 Feb 2024 07:52:10 GMT" skipped="0">
  <testcase classname="MavenDemo.SDET2.checkLoginFunc" name="validateLoginFunc" time="5.439"/>
  <testcase classname="MavenDemo.SDET2.checkLoginFunc" name="validateLoginFunc" time="7.032"/>
  <testcase classname="MavenDemo.SDET2.checkLoginFunc" name="validateLoginFunc" time="5.161"/>
  <testcase classname="MavenDemo.SDET2.checkLoginFunc" name="validateLoginFunc" time="7.349"/>
</testsuite> <!-- MavenDemo.SDET2.checkLoginFunc -->
